<?xml version="1.0" encoding="UTF-8"?>
<!-- Generated by org.testng.reporters.JUnitXMLReporter -->
<testsuite ignored="0" hostname="OZL9804W" failures="0" tests="6" name="Bank loan" time="0.032" errors="0" timestamp="2024-01-17T11:53:15 IST">
  <testcase classname="testPackage.class4" name="apiLoginHomeLoan" time="0.004"/>
  <testcase classname="testPackage.class4" name="apiLoginHomeLoan4" time="0.0"/>
  <testcase classname="testPackage.class4" name="apiLoginHomeLoan4" time="0.0"/>
  <testcase classname="testPackage.class4" name="apiLoginHomeLoan4" time="0.001"/>
  <testcase classname="testPackage.class4" name="mobileLoginHomeLoan" time="0.0"/>
  <testcase classname="testPackage.class4" name="webLoginHomeLoan" time="0.0"/>
</testsuite> <!-- Bank loan -->
