<?xml version="1.0" encoding="UTF-8"?>
<!-- Generated by org.testng.reporters.JUnitXMLReporter -->
<testsuite ignored="0" hostname="OZL9804W" failures="0" tests="3" name="Bank loan1" time="0.007" errors="0" timestamp="2024-01-17T11:53:15 IST">
  <testcase classname="testPackage.class3" name="apiLoginCarLoan" time="0.001"/>
  <testcase classname="testPackage.class3" name="mobgileLoginCarLoan" time="0.001"/>
  <testcase classname="testPackage.class3" name="webLoginCarLoan" time="0.0"/>
</testsuite> <!-- Bank loan1 -->
