<?xml version="1.0" encoding="UTF-8"?>
<!-- Generated by org.testng.reporters.JUnitXMLReporter -->
<testsuite ignored="3" hostname="OZL9804W" failures="0" tests="4" name="Regression" time="0.033" errors="0" timestamp="2024-01-17T07:43:07 IST">
  <testcase classname="testPackage.class1" name="secondDemo1" time="0.005"/>
  <testcase classname="testPackage.class4" name="apiLoginHomeLoan" time="0.001"/>
  <testcase classname="testPackage.class4" name="apiLoginHomeLoan4" time="0.0"/>
  <testcase classname="testPackage.class4" name="mobileLoginHomeLoan" time="0.0"/>
  <testcase classname="testPackage.class1" name="demo" time="0.0">
    <ignored/>
  </testcase> <!-- demo -->
  <testcase classname="testPackage.class2" name="personalThings" time="0.0">
    <ignored/>
  </testcase> <!-- personalThings -->
  <testcase classname="testPackage.class4" name="webLoginHomeLoan" time="0.0">
    <ignored/>
  </testcase> <!-- webLoginHomeLoan -->
</testsuite> <!-- Regression -->
